<?xml version="1.0" encoding="UTF-8"?>
<!-- Generated by org.testng.reporters.JUnitReportReporter -->
<testsuite skipped="0" hostname="JHANSI-PC" name="headlessBrowser.HTMLUnitDriverTest" tests="1" failures="0" timestamp="20 Dec 2018 08:29:20 GMT" time="4.934" errors="0">
  <testcase name="headLessBrowser" time="4.934" classname="headlessBrowser.HTMLUnitDriverTest"/>
</testsuite> <!-- headlessBrowser.HTMLUnitDriverTest -->
